<?xml version="1.0" encoding="UTF-8"?>
<testng-results ignored="0" total="4" passed="4" failed="0" skipped="0">
  <reporter-output>
  </reporter-output>
  <suite started-at="2023-01-08T22:07:51 IST" name="Suite" finished-at="2023-01-08T22:08:29 IST" duration-ms="37305">
    <groups>
    </groups>
    <test started-at="2023-01-08T22:07:51 IST" name="Test" finished-at="2023-01-08T22:08:29 IST" duration-ms="37305">
      <class name="com.tmb.tests.CheckoutProductTest">
        <test-method is-config="true" signature="setUp([Ljava.lang.Object;)[pri:0, instance:com.tmb.tests.CheckoutProductTest@51e69659]" started-at="2023-01-08T22:08:15 IST" name="setUp" finished-at="2023-01-08T22:08:17 IST" duration-ms="2458" status="PASS">
          <params>
            <param index="0">
              <value>
                <![CDATA[[Ljava.lang.Object;@3c7cfcbb]]>
              </value>
            </param>
          </params>
          <reporter-output>
          </reporter-output>
        </test-method> <!-- setUp -->
        <test-method signature="checkOutasRegUser(java.util.Map)[pri:0, instance:com.tmb.tests.CheckoutProductTest@51e69659]" started-at="2023-01-08T22:08:17 IST" name="checkOutasRegUser" data-provider="getData" finished-at="2023-01-08T22:08:28 IST" duration-ms="11032" status="PASS">
          <params>
            <param index="0">
              <value>
                <![CDATA[{lastName=Singh, productSearch=blue, quantity=1, testname=checkOutasRegUser, execute=yes, billingPostCode=8253330, menuText=Store, firstName=Abhishek, password=Test@123, billingEmail=test@ram.com, browser=chrome, billingAddress=Rabodh, billingCity=Ramgarh, username=singhabhi04}]]>
              </value>
            </param>
          </params>
          <reporter-output>
          </reporter-output>
        </test-method> <!-- checkOutasRegUser -->
        <test-method is-config="true" signature="tearDown()[pri:0, instance:com.tmb.tests.CheckoutProductTest@51e69659]" started-at="2023-01-08T22:08:28 IST" name="tearDown" finished-at="2023-01-08T22:08:28 IST" duration-ms="206" status="PASS">
          <reporter-output>
          </reporter-output>
        </test-method> <!-- tearDown -->
      </class> <!-- com.tmb.tests.CheckoutProductTest -->
      <class name="com.tmb.tests.LoginPageTest">
        <test-method is-config="true" signature="setUp([Ljava.lang.Object;)[pri:0, instance:com.tmb.tests.LoginPageTest@659499f1]" started-at="2023-01-08T22:08:02 IST" name="setUp" finished-at="2023-01-08T22:08:04 IST" duration-ms="2577" status="PASS">
          <params>
            <param index="0">
              <value>
                <![CDATA[[Ljava.lang.Object;@6093d508]]>
              </value>
            </param>
          </params>
          <reporter-output>
          </reporter-output>
        </test-method> <!-- setUp -->
        <test-method signature="LoginLogOutTest(java.util.Map)[pri:0, instance:com.tmb.tests.LoginPageTest@659499f1]" started-at="2023-01-08T22:08:04 IST" name="LoginLogOutTest" data-provider="getData" finished-at="2023-01-08T22:08:08 IST" duration-ms="3739" status="PASS">
          <params>
            <param index="0">
              <value>
                <![CDATA[{lastName=, productSearch=, quantity=, testname=LoginLogOutTest, execute=yes, billingPostCode=, menuText=, firstName=, password=Test@123, billingEmail=, browser=chrome, billingAddress=, billingCity=, username=singhabhi04}]]>
              </value>
            </param>
          </params>
          <reporter-output>
          </reporter-output>
        </test-method> <!-- LoginLogOutTest -->
        <test-method is-config="true" signature="tearDown()[pri:0, instance:com.tmb.tests.LoginPageTest@659499f1]" started-at="2023-01-08T22:08:08 IST" name="tearDown" finished-at="2023-01-08T22:08:08 IST" duration-ms="187" status="PASS">
          <reporter-output>
          </reporter-output>
        </test-method> <!-- tearDown -->
        <test-method is-config="true" signature="setUp([Ljava.lang.Object;)[pri:0, instance:com.tmb.tests.LoginPageTest@659499f1]" started-at="2023-01-08T22:08:08 IST" name="setUp" finished-at="2023-01-08T22:08:11 IST" duration-ms="2530" status="PASS">
          <params>
            <param index="0">
              <value>
                <![CDATA[[Ljava.lang.Object;@13047d7d]]>
              </value>
            </param>
          </params>
          <reporter-output>
          </reporter-output>
        </test-method> <!-- setUp -->
        <test-method signature="LoginLogOutTest(java.util.Map)[pri:0, instance:com.tmb.tests.LoginPageTest@659499f1]" started-at="2023-01-08T22:08:11 IST" name="LoginLogOutTest" data-provider="getData" finished-at="2023-01-08T22:08:14 IST" duration-ms="3669" status="PASS">
          <params>
            <param index="0">
              <value>
                <![CDATA[{lastName=, productSearch=, quantity=, testname=LoginLogOutTest, execute=yes, billingPostCode=, menuText=, firstName=, password=Test@123, billingEmail=, browser=edge, billingAddress=, billingCity=, username=singhabhi04}]]>
              </value>
            </param>
          </params>
          <reporter-output>
          </reporter-output>
        </test-method> <!-- LoginLogOutTest -->
        <test-method is-config="true" signature="tearDown()[pri:0, instance:com.tmb.tests.LoginPageTest@659499f1]" started-at="2023-01-08T22:08:14 IST" name="tearDown" finished-at="2023-01-08T22:08:15 IST" duration-ms="412" status="PASS">
          <reporter-output>
          </reporter-output>
        </test-method> <!-- tearDown -->
      </class> <!-- com.tmb.tests.LoginPageTest -->
      <class name="com.tmb.tests.AccountPageTest">
        <test-method is-config="true" signature="setUp([Ljava.lang.Object;)[pri:0, instance:com.tmb.tests.AccountPageTest@1af2d44a]" started-at="2023-01-08T22:07:52 IST" name="setUp" finished-at="2023-01-08T22:07:57 IST" duration-ms="5301" status="PASS">
          <params>
            <param index="0">
              <value>
                <![CDATA[[Ljava.lang.Object;@7435a578]]>
              </value>
            </param>
          </params>
          <reporter-output>
          </reporter-output>
        </test-method> <!-- setUp -->
        <test-method signature="validateAccountHeader(java.util.Map)[pri:0, instance:com.tmb.tests.AccountPageTest@1af2d44a]" started-at="2023-01-08T22:07:57 IST" name="validateAccountHeader" data-provider="getData" finished-at="2023-01-08T22:08:01 IST" duration-ms="3984" status="PASS">
          <params>
            <param index="0">
              <value>
                <![CDATA[{lastName=, productSearch=, quantity=, testname=validateAccountHeader, execute=yes, billingPostCode=, menuText=, firstName=, password=Test@123, billingEmail=, browser=edge, billingAddress=, billingCity=, username=singhabhi04}]]>
              </value>
            </param>
          </params>
          <reporter-output>
          </reporter-output>
        </test-method> <!-- validateAccountHeader -->
        <test-method is-config="true" signature="tearDown()[pri:0, instance:com.tmb.tests.AccountPageTest@1af2d44a]" started-at="2023-01-08T22:08:01 IST" name="tearDown" finished-at="2023-01-08T22:08:02 IST" duration-ms="432" status="PASS">
          <reporter-output>
          </reporter-output>
        </test-method> <!-- tearDown -->
      </class> <!-- com.tmb.tests.AccountPageTest -->
    </test> <!-- Test -->
  </suite> <!-- Suite -->
</testng-results>
