<?xml version="1.0" encoding="UTF-8"?>
<testng-results ignored="0" total="2" passed="2" failed="0" skipped="0">
  <reporter-output>
  </reporter-output>
  <suite started-at="2022-12-28T19:58:55 IST" name="Suite" finished-at="2022-12-28T19:59:01 IST" duration-ms="6010">
    <groups>
    </groups>
    <test started-at="2022-12-28T19:58:55 IST" name="Test" finished-at="2022-12-28T19:59:01 IST" duration-ms="6010">
      <class name="com.tmb.tests.LoginPageTest">
        <test-method is-config="true" signature="setUp()[pri:0, instance:com.tmb.tests.LoginPageTest@6392827e]" started-at="2022-12-28T19:58:55 IST" name="setUp" finished-at="2022-12-28T19:59:00 IST" duration-ms="4596" status="PASS">
          <reporter-output>
          </reporter-output>
        </test-method> <!-- setUp -->
        <test-method signature="Login()[pri:0, instance:com.tmb.tests.LoginPageTest@6392827e]" started-at="2022-12-28T19:59:00 IST" name="Login" finished-at="2022-12-28T19:59:01 IST" duration-ms="1186" status="PASS">
          <reporter-output>
          </reporter-output>
        </test-method> <!-- Login -->
        <test-method is-config="true" signature="tearDown()[pri:0, instance:com.tmb.tests.LoginPageTest@6392827e]" started-at="2022-12-28T19:59:01 IST" name="tearDown" finished-at="2022-12-28T19:59:01 IST" duration-ms="194" status="PASS">
          <reporter-output>
          </reporter-output>
        </test-method> <!-- tearDown -->
      </class> <!-- com.tmb.tests.LoginPageTest -->
      <class name="com.tmb.tests.AccountPageTest">
        <test-method is-config="true" signature="setUp()[pri:0, instance:com.tmb.tests.AccountPageTest@fba92d3]" started-at="2022-12-28T19:58:55 IST" name="setUp" finished-at="2022-12-28T19:59:00 IST" duration-ms="4467" status="PASS">
          <reporter-output>
          </reporter-output>
        </test-method> <!-- setUp -->
        <test-method signature="validateAccountHeader()[pri:0, instance:com.tmb.tests.AccountPageTest@fba92d3]" started-at="2022-12-28T19:59:00 IST" name="validateAccountHeader" finished-at="2022-12-28T19:59:00 IST" duration-ms="64" status="PASS">
          <reporter-output>
          </reporter-output>
        </test-method> <!-- validateAccountHeader -->
        <test-method is-config="true" signature="tearDown()[pri:0, instance:com.tmb.tests.AccountPageTest@fba92d3]" started-at="2022-12-28T19:59:00 IST" name="tearDown" finished-at="2022-12-28T19:59:00 IST" duration-ms="230" status="PASS">
          <reporter-output>
          </reporter-output>
        </test-method> <!-- tearDown -->
      </class> <!-- com.tmb.tests.AccountPageTest -->
    </test> <!-- Test -->
  </suite> <!-- Suite -->
</testng-results>
